Started GET "/" for 127.0.0.1 at 2017-12-04 11:17:20 -0200
Processing by Rails::WelcomeController#index as HTML
  Rendering /Users/brunopereira/.rvm/gems/ruby-2.4.1/gems/railties-5.1.4/lib/rails/templates/rails/welcome/index.html.erb
  Rendered /Users/brunopereira/.rvm/gems/ruby-2.4.1/gems/railties-5.1.4/lib/rails/templates/rails/welcome/index.html.erb (3.7ms)
Completed 200 OK in 205ms (Views: 9.7ms)


  [1m[35m (39.5ms)[0m  [1m[35mCREATE TABLE "schema_migrations" ("version" character varying NOT NULL PRIMARY KEY)[0m
  [1m[35m (23.9ms)[0m  [1m[35mCREATE TABLE "ar_internal_metadata" ("key" character varying NOT NULL PRIMARY KEY, "value" character varying, "created_at" timestamp NOT NULL, "updated_at" timestamp NOT NULL)[0m
  [1m[35m (18.2ms)[0m  [1m[34mSELECT pg_try_advisory_lock(1372538079072927795)[0m
  [1m[35m (1.2ms)[0m  [1m[34mSELECT "schema_migrations"."version" FROM "schema_migrations" ORDER BY "schema_migrations"."version" ASC[0m
Migrating to CreateWards (20171204143042)
  [1m[35m (0.3ms)[0m  [1m[35mBEGIN[0m
  [1m[35m (34.6ms)[0m  [1m[35mCREATE TABLE "wards" ("id" bigserial primary key, "name" character varying, "created_at" timestamp NOT NULL, "updated_at" timestamp NOT NULL)[0m
  [1m[35mSQL (4.0ms)[0m  [1m[32mINSERT INTO "schema_migrations" ("version") VALUES ($1) RETURNING "version"[0m  [["version", "20171204143042"]]
  [1m[35m (0.8ms)[0m  [1m[35mCOMMIT[0m
  [1m[36mActiveRecord::InternalMetadata Load (1.0ms)[0m  [1m[34mSELECT  "ar_internal_metadata".* FROM "ar_internal_metadata" WHERE "ar_internal_metadata"."key" = $1 LIMIT $2[0m  [["key", "environment"], ["LIMIT", 1]]
  [1m[35m (0.2ms)[0m  [1m[35mBEGIN[0m
  [1m[35mSQL (2.6ms)[0m  [1m[32mINSERT INTO "ar_internal_metadata" ("key", "value", "created_at", "updated_at") VALUES ($1, $2, $3, $4) RETURNING "key"[0m  [["key", "environment"], ["value", "development"], ["created_at", "2017-12-04 14:38:26.898746"], ["updated_at", "2017-12-04 14:38:26.898746"]]
  [1m[35m (0.5ms)[0m  [1m[35mCOMMIT[0m
  [1m[35m (0.3ms)[0m  [1m[34mSELECT pg_advisory_unlock(1372538079072927795)[0m
  [1m[35m (0.4ms)[0m  [1m[34mSELECT "schema_migrations"."version" FROM "schema_migrations" ORDER BY "schema_migrations"."version" ASC[0m
Started GET "/" for 127.0.0.1 at 2017-12-04 12:39:05 -0200
  [1m[35m (0.9ms)[0m  [1m[34mSELECT "schema_migrations"."version" FROM "schema_migrations" ORDER BY "schema_migrations"."version" ASC[0m
Processing by WardsController#index as HTML
  Rendering wards/index.html.erb within layouts/application
  [1m[36mWard Load (7.1ms)[0m  [1m[34mSELECT "wards".* FROM "wards"[0m
  Rendered wards/index.html.erb within layouts/application (12.6ms)
Completed 200 OK in 453ms (Views: 429.7ms | ActiveRecord: 9.8ms)


Started GET "/wards/new" for 127.0.0.1 at 2017-12-04 12:39:09 -0200
Processing by WardsController#new as HTML
  Rendering wards/new.html.erb within layouts/application
  Rendered wards/_form.html.erb (15.7ms)
  Rendered wards/new.html.erb within layouts/application (17.9ms)
Completed 200 OK in 50ms (Views: 31.2ms | ActiveRecord: 7.2ms)


Started GET "/wards/new" for 127.0.0.1 at 2017-12-04 12:41:15 -0200
  [1m[35m (0.7ms)[0m  [1m[34mSELECT "schema_migrations"."version" FROM "schema_migrations" ORDER BY "schema_migrations"."version" ASC[0m
Processing by WardsController#new as HTML
  Rendering wards/new.html.erb within layouts/application
  Rendered wards/_form.html.erb (1.6ms)
  Rendered wards/new.html.erb within layouts/application (3.0ms)
Completed 200 OK in 30ms (Views: 18.1ms | ActiveRecord: 5.3ms)


Started POST "/wards" for 127.0.0.1 at 2017-12-04 12:41:17 -0200
Processing by WardsController#create as HTML
  Parameters: {"utf8"=>"✓", "authenticity_token"=>"LmaRX5Ybn5GES06a1ZjI0UIDsJjapHQ5G0Hg3uimAVir3myz4cNnCZ3ydu9Sq2piTBMWmP9/acRThheUhs6WCw==", "ward"=>{"name"=>""}, "commit"=>"Create Ward"}
  [1m[35m (0.2ms)[0m  [1m[35mBEGIN[0m
  [1m[35m (0.2ms)[0m  [1m[31mROLLBACK[0m
  Rendering wards/new.html.erb within layouts/application
  Rendered wards/_form.html.erb (1.4ms)
  Rendered wards/new.html.erb within layouts/application (2.8ms)
Completed 200 OK in 44ms (Views: 37.1ms | ActiveRecord: 0.4ms)


Started POST "/wards" for 127.0.0.1 at 2017-12-04 12:41:28 -0200
Processing by WardsController#create as HTML
  Parameters: {"utf8"=>"✓", "authenticity_token"=>"lZKRT61b9ceJ9+/Ez+UO0VTrarP9UGcsn813xf/qmncbiuBh7u1f8tjH0hEZAbdV+M6R1hGnWAWkCkzN5boLMg==", "ward"=>{"name"=>"Interlagos"}, "commit"=>"Create Ward"}
  [1m[35m (0.2ms)[0m  [1m[35mBEGIN[0m
  [1m[35mSQL (7.5ms)[0m  [1m[32mINSERT INTO "wards" ("name", "created_at", "updated_at") VALUES ($1, $2, $3) RETURNING "id"[0m  [["name", "Interlagos"], ["created_at", "2017-12-04 14:41:28.921744"], ["updated_at", "2017-12-04 14:41:28.921744"]]
  [1m[35m (10.4ms)[0m  [1m[35mCOMMIT[0m
Redirected to http://localhost:3000/wards/1
Completed 302 Found in 23ms (ActiveRecord: 18.1ms)


Started GET "/wards/1" for 127.0.0.1 at 2017-12-04 12:41:28 -0200
Processing by WardsController#show as HTML
  Parameters: {"id"=>"1"}
  [1m[36mWard Load (6.8ms)[0m  [1m[34mSELECT  "wards".* FROM "wards" WHERE "wards"."id" = $1 LIMIT $2[0m  [["id", 1], ["LIMIT", 1]]
  Rendering wards/show.html.erb within layouts/application
  Rendered wards/show.html.erb within layouts/application (0.7ms)
Completed 200 OK in 32ms (Views: 15.5ms | ActiveRecord: 7.1ms)


Started GET "/wards" for 127.0.0.1 at 2017-12-04 12:41:31 -0200
Processing by WardsController#index as HTML
  Rendering wards/index.html.erb within layouts/application
  [1m[36mWard Load (0.5ms)[0m  [1m[34mSELECT "wards".* FROM "wards"[0m
  Rendered wards/index.html.erb within layouts/application (3.1ms)
Completed 200 OK in 25ms (Views: 20.7ms | ActiveRecord: 0.5ms)


Started GET "/wards" for 127.0.0.1 at 2017-12-04 12:54:36 -0200
  [1m[35m (0.3ms)[0m  [1m[34mSELECT "schema_migrations"."version" FROM "schema_migrations" ORDER BY "schema_migrations"."version" ASC[0m
  
ActiveRecord::PendingMigrationError (

Migrations are pending. To resolve this issue, run:

        bin/rails db:migrate RAILS_ENV=development

):
  
activerecord (5.1.4) lib/active_record/migration.rb:576:in `check_pending!'
activerecord (5.1.4) lib/active_record/migration.rb:553:in `call'
actionpack (5.1.4) lib/action_dispatch/middleware/callbacks.rb:26:in `block in call'
activesupport (5.1.4) lib/active_support/callbacks.rb:97:in `run_callbacks'
actionpack (5.1.4) lib/action_dispatch/middleware/callbacks.rb:24:in `call'
actionpack (5.1.4) lib/action_dispatch/middleware/executor.rb:12:in `call'
actionpack (5.1.4) lib/action_dispatch/middleware/debug_exceptions.rb:59:in `call'
web-console (3.5.1) lib/web_console/middleware.rb:135:in `call_app'
web-console (3.5.1) lib/web_console/middleware.rb:28:in `block in call'
web-console (3.5.1) lib/web_console/middleware.rb:18:in `catch'
web-console (3.5.1) lib/web_console/middleware.rb:18:in `call'
actionpack (5.1.4) lib/action_dispatch/middleware/show_exceptions.rb:31:in `call'
railties (5.1.4) lib/rails/rack/logger.rb:36:in `call_app'
railties (5.1.4) lib/rails/rack/logger.rb:24:in `block in call'
activesupport (5.1.4) lib/active_support/tagged_logging.rb:69:in `block in tagged'
activesupport (5.1.4) lib/active_support/tagged_logging.rb:26:in `tagged'
activesupport (5.1.4) lib/active_support/tagged_logging.rb:69:in `tagged'
railties (5.1.4) lib/rails/rack/logger.rb:24:in `call'
sprockets-rails (3.2.1) lib/sprockets/rails/quiet_assets.rb:13:in `call'
actionpack (5.1.4) lib/action_dispatch/middleware/remote_ip.rb:79:in `call'
actionpack (5.1.4) lib/action_dispatch/middleware/request_id.rb:25:in `call'
rack (2.0.3) lib/rack/method_override.rb:22:in `call'
rack (2.0.3) lib/rack/runtime.rb:22:in `call'
activesupport (5.1.4) lib/active_support/cache/strategy/local_cache_middleware.rb:27:in `call'
actionpack (5.1.4) lib/action_dispatch/middleware/executor.rb:12:in `call'
actionpack (5.1.4) lib/action_dispatch/middleware/static.rb:125:in `call'
rack (2.0.3) lib/rack/sendfile.rb:111:in `call'
railties (5.1.4) lib/rails/engine.rb:522:in `call'
puma (3.11.0) lib/puma/configuration.rb:225:in `call'
puma (3.11.0) lib/puma/server.rb:624:in `handle_request'
puma (3.11.0) lib/puma/server.rb:438:in `process_client'
puma (3.11.0) lib/puma/server.rb:302:in `block in run'
puma (3.11.0) lib/puma/thread_pool.rb:120:in `block in spawn_thread'
  [1m[35m (0.3ms)[0m  [1m[34mSELECT pg_try_advisory_lock(1372538079072927795)[0m
  [1m[35m (7.6ms)[0m  [1m[34mSELECT "schema_migrations"."version" FROM "schema_migrations" ORDER BY "schema_migrations"."version" ASC[0m
Migrating to CreateHistories (20171204144513)
  [1m[35m (0.3ms)[0m  [1m[35mBEGIN[0m
  [1m[35m (40.5ms)[0m  [1m[35mCREATE TABLE "histories" ("id" bigserial primary key, "ward_id" bigint, "title" character varying, "summary" character varying, "post" character varying, "publication" character varying, "created_at" timestamp NOT NULL, "updated_at" timestamp NOT NULL, CONSTRAINT "fk_rails_6eec76b570"
FOREIGN KEY ("ward_id")
  REFERENCES "wards" ("id")
)[0m
  [1m[35m (3.0ms)[0m  [1m[35mCREATE  INDEX  "index_histories_on_ward_id" ON "histories"  ("ward_id")[0m
  [1m[35mSQL (1.1ms)[0m  [1m[32mINSERT INTO "schema_migrations" ("version") VALUES ($1) RETURNING "version"[0m  [["version", "20171204144513"]]
  [1m[35m (1.2ms)[0m  [1m[35mCOMMIT[0m
  [1m[36mActiveRecord::InternalMetadata Load (0.8ms)[0m  [1m[34mSELECT  "ar_internal_metadata".* FROM "ar_internal_metadata" WHERE "ar_internal_metadata"."key" = $1 LIMIT $2[0m  [["key", "environment"], ["LIMIT", 1]]
  [1m[35m (0.2ms)[0m  [1m[35mBEGIN[0m
  [1m[35m (0.2ms)[0m  [1m[35mCOMMIT[0m
  [1m[35m (0.3ms)[0m  [1m[34mSELECT pg_advisory_unlock(1372538079072927795)[0m
  [1m[35m (1.2ms)[0m  [1m[34mSELECT "schema_migrations"."version" FROM "schema_migrations" ORDER BY "schema_migrations"."version" ASC[0m
Started GET "/wards" for 127.0.0.1 at 2017-12-04 12:55:04 -0200
  [1m[35m (1.0ms)[0m  [1m[34mSELECT "schema_migrations"."version" FROM "schema_migrations" ORDER BY "schema_migrations"."version" ASC[0m
Processing by WardsController#index as HTML
  Rendering wards/index.html.erb within layouts/application
  [1m[36mWard Load (0.8ms)[0m  [1m[34mSELECT "wards".* FROM "wards"[0m
  Rendered wards/index.html.erb within layouts/application (16.5ms)
Completed 200 OK in 288ms (Views: 267.6ms | ActiveRecord: 7.3ms)


Started GET "/wards" for 127.0.0.1 at 2017-12-04 13:09:37 -0200
Processing by WardsController#index as HTML
  Rendering wards/index.html.erb within layouts/application
  [1m[36mWard Load (0.3ms)[0m  [1m[34mSELECT "wards".* FROM "wards"[0m
  Rendered wards/index.html.erb within layouts/application (10.8ms)
Completed 200 OK in 88ms (Views: 78.5ms | ActiveRecord: 5.5ms)


Started GET "/wards" for 127.0.0.1 at 2017-12-04 13:11:12 -0200
Processing by WardsController#index as HTML
  Rendering wards/index.html.erb within layouts/application
  [1m[36mWard Load (0.3ms)[0m  [1m[34mSELECT "wards".* FROM "wards"[0m
  Rendered wards/index.html.erb within layouts/application (1.8ms)
Completed 200 OK in 42ms (Views: 40.6ms | ActiveRecord: 0.3ms)


Started GET "/wards" for 127.0.0.1 at 2017-12-04 13:12:40 -0200
Processing by WardsController#index as HTML
  Rendering wards/index.html.erb within layouts/application
  [1m[36mWard Load (0.3ms)[0m  [1m[34mSELECT "wards".* FROM "wards"[0m
  Rendered wards/index.html.erb within layouts/application (2.6ms)
Completed 200 OK in 38ms (Views: 36.5ms | ActiveRecord: 0.3ms)


Started GET "/wards" for 127.0.0.1 at 2017-12-04 13:12:58 -0200
Processing by WardsController#index as HTML
  Rendering wards/index.html.erb within layouts/application
  [1m[36mWard Load (0.3ms)[0m  [1m[34mSELECT "wards".* FROM "wards"[0m
  Rendered wards/index.html.erb within layouts/application (2.4ms)
Completed 200 OK in 20ms (Views: 18.6ms | ActiveRecord: 0.3ms)


Started GET "/wards" for 127.0.0.1 at 2017-12-04 13:13:42 -0200
Processing by WardsController#index as HTML
  Rendering wards/index.html.erb within layouts/application
  [1m[36mWard Load (0.3ms)[0m  [1m[34mSELECT "wards".* FROM "wards"[0m
  Rendered wards/index.html.erb within layouts/application (1.9ms)
Completed 200 OK in 40ms (Views: 37.6ms | ActiveRecord: 0.3ms)


Started GET "/wards" for 127.0.0.1 at 2017-12-04 13:16:14 -0200
Processing by WardsController#index as HTML
  Rendering wards/index.html.erb within layouts/application
  [1m[36mWard Load (0.5ms)[0m  [1m[34mSELECT "wards".* FROM "wards"[0m
  Rendered wards/index.html.erb within layouts/application (3.2ms)
Completed 200 OK in 41ms (Views: 38.6ms | ActiveRecord: 0.5ms)


Started GET "/wards" for 127.0.0.1 at 2017-12-04 13:16:59 -0200
Processing by WardsController#index as HTML
  Rendering wards/index.html.erb within layouts/application
  [1m[36mWard Load (0.3ms)[0m  [1m[34mSELECT "wards".* FROM "wards"[0m
  Rendered wards/index.html.erb within layouts/application (1.9ms)
Completed 200 OK in 37ms (Views: 34.6ms | ActiveRecord: 0.3ms)


Started GET "/wards" for 127.0.0.1 at 2017-12-04 13:21:16 -0200
Processing by WardsController#index as HTML
  Rendering wards/index.html.erb within layouts/application
  [1m[36mWard Load (0.4ms)[0m  [1m[34mSELECT "wards".* FROM "wards"[0m
  Rendered wards/index.html.erb within layouts/application (2.8ms)
Completed 200 OK in 53ms (Views: 50.8ms | ActiveRecord: 0.4ms)


Started GET "/" for 127.0.0.1 at 2017-12-04 15:36:00 -0200
  [1m[35m (3.2ms)[0m  [1m[34mSELECT "schema_migrations"."version" FROM "schema_migrations" ORDER BY "schema_migrations"."version" ASC[0m
Processing by WardsController#index as HTML
  Rendering wards/index.html.erb within layouts/application
  [1m[36mWard Load (29.8ms)[0m  [1m[34mSELECT "wards".* FROM "wards"[0m
  Rendered wards/index.html.erb within layouts/application (52.8ms)
Completed 200 OK in 292ms (Views: 234.4ms | ActiveRecord: 44.3ms)


Started GET "/" for 127.0.0.1 at 2017-12-04 15:40:02 -0200
Processing by WardsController#index as HTML
  Rendering wards/index.html.erb within layouts/application
  [1m[36mWard Load (0.3ms)[0m  [1m[34mSELECT "wards".* FROM "wards"[0m
  Rendered wards/index.html.erb within layouts/application (2.3ms)
Completed 200 OK in 73ms (Views: 68.6ms | ActiveRecord: 0.3ms)


Started GET "/" for 127.0.0.1 at 2017-12-04 15:40:16 -0200
Processing by WardsController#index as HTML
  Rendering wards/index.html.erb within layouts/application
  [1m[36mWard Load (0.7ms)[0m  [1m[34mSELECT "wards".* FROM "wards"[0m
  Rendered wards/index.html.erb within layouts/application (2.5ms)
Completed 200 OK in 42ms (Views: 37.0ms | ActiveRecord: 0.7ms)


Started GET "/" for 127.0.0.1 at 2017-12-04 15:41:08 -0200
Processing by WardsController#index as HTML
  Rendering wards/index.html.erb within layouts/application
  [1m[36mWard Load (0.3ms)[0m  [1m[34mSELECT "wards".* FROM "wards"[0m
  Rendered wards/index.html.erb within layouts/application (2.7ms)
Completed 200 OK in 61ms (Views: 57.9ms | ActiveRecord: 0.3ms)


Started GET "/" for 127.0.0.1 at 2017-12-04 15:41:28 -0200
Processing by WardsController#index as HTML
  Rendering wards/index.html.erb within layouts/application
  [1m[36mWard Load (0.3ms)[0m  [1m[34mSELECT "wards".* FROM "wards"[0m
  Rendered wards/index.html.erb within layouts/application (2.0ms)
Completed 200 OK in 22ms (Views: 19.8ms | ActiveRecord: 0.3ms)


Started GET "/" for 127.0.0.1 at 2017-12-04 15:41:56 -0200
Processing by WardsController#index as HTML
  Rendering wards/index.html.erb within layouts/application
  [1m[36mWard Load (0.3ms)[0m  [1m[34mSELECT "wards".* FROM "wards"[0m
  Rendered wards/index.html.erb within layouts/application (2.1ms)
Completed 200 OK in 22ms (Views: 18.9ms | ActiveRecord: 0.3ms)


Started GET "/" for 127.0.0.1 at 2017-12-04 15:42:59 -0200
Processing by WardsController#index as HTML
  Rendering wards/index.html.erb within layouts/application
  [1m[36mWard Load (0.3ms)[0m  [1m[34mSELECT "wards".* FROM "wards"[0m
  Rendered wards/index.html.erb within layouts/application (2.0ms)
Completed 200 OK in 54ms (Views: 51.4ms | ActiveRecord: 0.3ms)


Started GET "/" for 127.0.0.1 at 2017-12-04 15:43:21 -0200
Processing by WardsController#index as HTML
  Rendering wards/index.html.erb within layouts/application
  [1m[36mWard Load (0.3ms)[0m  [1m[34mSELECT "wards".* FROM "wards"[0m
  Rendered wards/index.html.erb within layouts/application (2.1ms)
Completed 200 OK in 53ms (Views: 50.7ms | ActiveRecord: 0.3ms)


Started GET "/" for 127.0.0.1 at 2017-12-04 15:44:33 -0200
Processing by WardsController#index as HTML
  Rendering wards/index.html.erb within layouts/application
  [1m[36mWard Load (0.3ms)[0m  [1m[34mSELECT "wards".* FROM "wards"[0m
  Rendered wards/index.html.erb within layouts/application (2.0ms)
Completed 200 OK in 24ms (Views: 21.1ms | ActiveRecord: 0.3ms)


Started GET "/" for 127.0.0.1 at 2017-12-04 15:44:42 -0200
Processing by WardsController#index as HTML
  Rendering wards/index.html.erb within layouts/application
  [1m[36mWard Load (0.3ms)[0m  [1m[34mSELECT "wards".* FROM "wards"[0m
  Rendered wards/index.html.erb within layouts/application (2.4ms)
Completed 200 OK in 29ms (Views: 27.0ms | ActiveRecord: 0.3ms)


Started GET "/" for 127.0.0.1 at 2017-12-04 15:46:27 -0200
Processing by WardsController#index as HTML
  Rendering wards/index.html.erb within layouts/application
  [1m[36mWard Load (0.3ms)[0m  [1m[34mSELECT "wards".* FROM "wards"[0m
  Rendered wards/index.html.erb within layouts/application (2.2ms)
Completed 200 OK in 23ms (Views: 19.8ms | ActiveRecord: 0.3ms)


Started GET "/" for 127.0.0.1 at 2017-12-04 16:36:18 -0200
Processing by WardsController#index as HTML
  Rendering wards/index.html.erb within layouts/application
  [1m[36mWard Load (0.3ms)[0m  [1m[34mSELECT "wards".* FROM "wards"[0m
  Rendered wards/index.html.erb within layouts/application (2.3ms)
Completed 500 Internal Server Error in 39ms (ActiveRecord: 0.3ms)


  
ActionView::Template::Error (Undefined variable: "$light_gray".):
    4:     <title>LDS Ward</title>
    5:     <%= csrf_meta_tags %>
    6: 
    7:     <%= stylesheet_link_tag    'application', media: 'all', 'data-turbolinks-track': 'reload' %>
    8:     <%= javascript_include_tag 'application', 'data-turbolinks-track': 'reload' %>
    9: 
   10:     <link href="https://fonts.googleapis.com/css?family=Roboto|Roboto+Slab" rel="stylesheet">
  
app/assets/stylesheets/general.scss:48
app/views/layouts/application.html.erb:7:in `_app_views_layouts_application_html_erb__3336874515168821386_70228129745060'
Started GET "/" for 127.0.0.1 at 2017-12-04 16:37:14 -0200
Processing by WardsController#index as HTML
  Rendering wards/index.html.erb within layouts/application
  [1m[36mWard Load (0.3ms)[0m  [1m[34mSELECT "wards".* FROM "wards"[0m
  Rendered wards/index.html.erb within layouts/application (2.3ms)
Completed 500 Internal Server Error in 27ms (ActiveRecord: 0.3ms)


  
ActionView::Template::Error (Undefined variable: "$light_gray".):
    4:     <title>LDS Ward</title>
    5:     <%= csrf_meta_tags %>
    6: 
    7:     <%= stylesheet_link_tag    'application', media: 'all', 'data-turbolinks-track': 'reload' %>
    8:     <%= javascript_include_tag 'application', 'data-turbolinks-track': 'reload' %>
    9: 
   10:     <link href="https://fonts.googleapis.com/css?family=Roboto|Roboto+Slab" rel="stylesheet">
  
app/assets/stylesheets/general.scss:48
app/views/layouts/application.html.erb:7:in `_app_views_layouts_application_html_erb__3336874515168821386_70228174732460'
Started GET "/" for 127.0.0.1 at 2017-12-04 16:38:54 -0200
Processing by WardsController#index as HTML
  Rendering wards/index.html.erb within layouts/application
  [1m[36mWard Load (0.3ms)[0m  [1m[34mSELECT "wards".* FROM "wards"[0m
  Rendered wards/index.html.erb within layouts/application (2.0ms)
Completed 200 OK in 63ms (Views: 61.1ms | ActiveRecord: 0.3ms)


Started GET "/" for 127.0.0.1 at 2017-12-04 16:42:05 -0200
Processing by WardsController#index as HTML
  Rendering wards/index.html.erb within layouts/application
  [1m[36mWard Load (0.3ms)[0m  [1m[34mSELECT "wards".* FROM "wards"[0m
  Rendered wards/index.html.erb within layouts/application (2.0ms)
Completed 200 OK in 22ms (Views: 19.7ms | ActiveRecord: 0.3ms)


Started GET "/" for 127.0.0.1 at 2017-12-04 16:42:17 -0200
Processing by WardsController#index as HTML
  Rendering wards/index.html.erb within layouts/application
  [1m[36mWard Load (0.5ms)[0m  [1m[34mSELECT "wards".* FROM "wards"[0m
  Rendered wards/index.html.erb within layouts/application (3.1ms)
Completed 200 OK in 24ms (Views: 21.2ms | ActiveRecord: 0.5ms)


Started GET "/" for 127.0.0.1 at 2017-12-04 16:44:05 -0200
Processing by WardsController#index as HTML
  Rendering wards/index.html.erb within layouts/application
  [1m[36mWard Load (0.3ms)[0m  [1m[34mSELECT "wards".* FROM "wards"[0m
  Rendered wards/index.html.erb within layouts/application (2.0ms)
Completed 200 OK in 64ms (Views: 61.3ms | ActiveRecord: 0.3ms)


Started GET "/" for 127.0.0.1 at 2017-12-04 16:45:00 -0200
Processing by WardsController#index as HTML
  Rendering wards/index.html.erb within layouts/application
  [1m[36mWard Load (0.3ms)[0m  [1m[34mSELECT "wards".* FROM "wards"[0m
  Rendered wards/index.html.erb within layouts/application (2.0ms)
Completed 200 OK in 61ms (Views: 59.2ms | ActiveRecord: 0.3ms)


Started GET "/" for 127.0.0.1 at 2017-12-04 16:45:28 -0200
Processing by WardsController#index as HTML
  Rendering wards/index.html.erb within layouts/application
  [1m[36mWard Load (0.3ms)[0m  [1m[34mSELECT "wards".* FROM "wards"[0m
  Rendered wards/index.html.erb within layouts/application (2.0ms)
Completed 200 OK in 25ms (Views: 21.9ms | ActiveRecord: 0.3ms)


Started GET "/" for 127.0.0.1 at 2017-12-04 16:45:54 -0200
Processing by WardsController#index as HTML
  Rendering wards/index.html.erb within layouts/application
  [1m[36mWard Load (0.7ms)[0m  [1m[34mSELECT "wards".* FROM "wards"[0m
  Rendered wards/index.html.erb within layouts/application (3.1ms)
Completed 200 OK in 37ms (Views: 34.2ms | ActiveRecord: 0.6ms)


Started GET "/" for 127.0.0.1 at 2017-12-04 16:46:05 -0200
Processing by WardsController#index as HTML
  Rendering wards/index.html.erb within layouts/application
  [1m[36mWard Load (0.3ms)[0m  [1m[34mSELECT "wards".* FROM "wards"[0m
  Rendered wards/index.html.erb within layouts/application (2.2ms)
Completed 200 OK in 69ms (Views: 65.8ms | ActiveRecord: 0.3ms)


Started GET "/" for 127.0.0.1 at 2017-12-04 16:46:58 -0200
Processing by WardsController#index as HTML
  Rendering wards/index.html.erb within layouts/application
  [1m[36mWard Load (0.3ms)[0m  [1m[34mSELECT "wards".* FROM "wards"[0m
  Rendered wards/index.html.erb within layouts/application (2.1ms)
Completed 200 OK in 64ms (Views: 61.3ms | ActiveRecord: 0.3ms)


Started GET "/" for 127.0.0.1 at 2017-12-04 16:47:19 -0200
Processing by WardsController#index as HTML
  Rendering wards/index.html.erb within layouts/application
  [1m[36mWard Load (0.3ms)[0m  [1m[34mSELECT "wards".* FROM "wards"[0m
  Rendered wards/index.html.erb within layouts/application (1.8ms)
Completed 200 OK in 63ms (Views: 61.0ms | ActiveRecord: 0.3ms)


Started GET "/" for 127.0.0.1 at 2017-12-04 16:47:53 -0200
Processing by WardsController#index as HTML
  Rendering wards/index.html.erb within layouts/application
  [1m[36mWard Load (0.4ms)[0m  [1m[34mSELECT "wards".* FROM "wards"[0m
  Rendered wards/index.html.erb within layouts/application (2.1ms)
Completed 200 OK in 57ms (Views: 54.2ms | ActiveRecord: 0.4ms)


Started GET "/" for 127.0.0.1 at 2017-12-04 16:49:17 -0200
Processing by WardsController#index as HTML
  Rendering wards/index.html.erb within layouts/application
  [1m[36mWard Load (0.3ms)[0m  [1m[34mSELECT "wards".* FROM "wards"[0m
  Rendered wards/index.html.erb within layouts/application (2.1ms)
Completed 200 OK in 70ms (Views: 67.8ms | ActiveRecord: 0.3ms)


Started GET "/" for 127.0.0.1 at 2017-12-04 16:50:13 -0200
Processing by WardsController#index as HTML
  Rendering wards/index.html.erb within layouts/application
  [1m[36mWard Load (0.3ms)[0m  [1m[34mSELECT "wards".* FROM "wards"[0m
  Rendered wards/index.html.erb within layouts/application (1.9ms)
Completed 200 OK in 55ms (Views: 52.3ms | ActiveRecord: 0.3ms)


Started GET "/" for 127.0.0.1 at 2017-12-04 16:50:24 -0200
Processing by WardsController#index as HTML
  Rendering wards/index.html.erb within layouts/application
  [1m[36mWard Load (0.4ms)[0m  [1m[34mSELECT "wards".* FROM "wards"[0m
  Rendered wards/index.html.erb within layouts/application (2.4ms)
Completed 200 OK in 60ms (Views: 58.0ms | ActiveRecord: 0.4ms)


Started GET "/" for 127.0.0.1 at 2017-12-04 16:52:45 -0200
Processing by WardsController#index as HTML
  Rendering wards/index.html.erb within layouts/application
  [1m[36mWard Load (0.3ms)[0m  [1m[34mSELECT "wards".* FROM "wards"[0m
  Rendered wards/index.html.erb within layouts/application (2.1ms)
Completed 200 OK in 70ms (Views: 67.8ms | ActiveRecord: 0.3ms)


Started GET "/" for 127.0.0.1 at 2017-12-04 17:02:50 -0200
Processing by WardsController#index as HTML
  Rendering wards/index.html.erb within layouts/application
  [1m[36mWard Load (0.3ms)[0m  [1m[34mSELECT "wards".* FROM "wards"[0m
  Rendered wards/index.html.erb within layouts/application (2.1ms)
Completed 200 OK in 48ms (Views: 45.7ms | ActiveRecord: 0.3ms)


Started GET "/" for 127.0.0.1 at 2017-12-04 17:03:09 -0200
Processing by WardsController#index as HTML
  Rendering wards/index.html.erb within layouts/application
  [1m[36mWard Load (0.3ms)[0m  [1m[34mSELECT "wards".* FROM "wards"[0m
  Rendered wards/index.html.erb within layouts/application (1.9ms)
Completed 200 OK in 46ms (Views: 43.5ms | ActiveRecord: 0.3ms)


Started GET "/" for 127.0.0.1 at 2017-12-04 17:04:09 -0200
Processing by WardsController#index as HTML
  Rendering wards/index.html.erb within layouts/application
  [1m[36mWard Load (0.5ms)[0m  [1m[34mSELECT "wards".* FROM "wards"[0m
  Rendered wards/index.html.erb within layouts/application (2.5ms)
Completed 200 OK in 43ms (Views: 40.5ms | ActiveRecord: 0.5ms)


Started GET "/" for 127.0.0.1 at 2017-12-04 17:05:28 -0200
Processing by WardsController#index as HTML
  Rendering wards/index.html.erb within layouts/application
  [1m[36mWard Load (0.3ms)[0m  [1m[34mSELECT "wards".* FROM "wards"[0m
  Rendered wards/index.html.erb within layouts/application (1.9ms)
Completed 200 OK in 41ms (Views: 38.2ms | ActiveRecord: 0.3ms)


Started GET "/" for 127.0.0.1 at 2017-12-04 17:24:00 -0200
Processing by WardsController#index as HTML
  Rendering wards/index.html.erb within layouts/application
  [1m[36mWard Load (0.4ms)[0m  [1m[34mSELECT "wards".* FROM "wards"[0m
  Rendered wards/index.html.erb within layouts/application (2.9ms)
Completed 200 OK in 96ms (Views: 92.9ms | ActiveRecord: 0.4ms)


Started GET "/" for 127.0.0.1 at 2017-12-04 17:33:02 -0200
Processing by WardsController#index as HTML
  Rendering wards/index.html.erb within layouts/application
  [1m[36mWard Load (0.3ms)[0m  [1m[34mSELECT "wards".* FROM "wards"[0m
  Rendered wards/index.html.erb within layouts/application (2.3ms)
Completed 200 OK in 68ms (Views: 65.6ms | ActiveRecord: 0.3ms)


Started GET "/" for 127.0.0.1 at 2017-12-04 17:33:28 -0200
Processing by WardsController#index as HTML
  Rendering wards/index.html.erb within layouts/application
  [1m[36mWard Load (0.3ms)[0m  [1m[34mSELECT "wards".* FROM "wards"[0m
  Rendered wards/index.html.erb within layouts/application (2.4ms)
Completed 200 OK in 63ms (Views: 61.0ms | ActiveRecord: 0.3ms)


Started GET "/" for 127.0.0.1 at 2017-12-04 17:34:00 -0200
Processing by WardsController#index as HTML
  Rendering wards/index.html.erb within layouts/application
  [1m[36mWard Load (0.3ms)[0m  [1m[34mSELECT "wards".* FROM "wards"[0m
  Rendered wards/index.html.erb within layouts/application (2.3ms)
Completed 200 OK in 67ms (Views: 64.3ms | ActiveRecord: 0.3ms)


Started GET "/" for 127.0.0.1 at 2017-12-04 17:34:18 -0200
Processing by WardsController#index as HTML
  Rendering wards/index.html.erb within layouts/application
  [1m[36mWard Load (0.3ms)[0m  [1m[34mSELECT "wards".* FROM "wards"[0m
  Rendered wards/index.html.erb within layouts/application (1.9ms)
Completed 200 OK in 25ms (Views: 23.2ms | ActiveRecord: 0.3ms)


Started GET "/" for 127.0.0.1 at 2017-12-04 17:35:59 -0200
Processing by WardsController#index as HTML
  Rendering wards/index.html.erb within layouts/application
  [1m[36mWard Load (0.3ms)[0m  [1m[34mSELECT "wards".* FROM "wards"[0m
  Rendered wards/index.html.erb within layouts/application (2.1ms)
Completed 200 OK in 77ms (Views: 74.3ms | ActiveRecord: 0.3ms)


Started GET "/" for 127.0.0.1 at 2017-12-04 17:37:36 -0200
Processing by WardsController#index as HTML
  Rendering wards/index.html.erb within layouts/application
  [1m[36mWard Load (0.3ms)[0m  [1m[34mSELECT "wards".* FROM "wards"[0m
  Rendered wards/index.html.erb within layouts/application (2.2ms)
Completed 200 OK in 68ms (Views: 65.4ms | ActiveRecord: 0.3ms)


Started GET "/" for 127.0.0.1 at 2017-12-04 17:38:31 -0200
Processing by WardsController#index as HTML
  Rendering wards/index.html.erb within layouts/application
  [1m[36mWard Load (0.3ms)[0m  [1m[34mSELECT "wards".* FROM "wards"[0m
  Rendered wards/index.html.erb within layouts/application (2.2ms)
Completed 200 OK in 59ms (Views: 56.6ms | ActiveRecord: 0.3ms)


Started GET "/" for 127.0.0.1 at 2017-12-04 17:39:10 -0200
Processing by WardsController#index as HTML
  Rendering wards/index.html.erb within layouts/application
  [1m[36mWard Load (0.3ms)[0m  [1m[34mSELECT "wards".* FROM "wards"[0m
  Rendered wards/index.html.erb within layouts/application (2.1ms)
Completed 200 OK in 70ms (Views: 67.5ms | ActiveRecord: 0.3ms)


Started GET "/" for 127.0.0.1 at 2017-12-04 17:40:50 -0200
Processing by WardsController#index as HTML
  Rendering wards/index.html.erb within layouts/application
  [1m[36mWard Load (0.3ms)[0m  [1m[34mSELECT "wards".* FROM "wards"[0m
  Rendered wards/index.html.erb within layouts/application (2.0ms)
Completed 200 OK in 58ms (Views: 55.7ms | ActiveRecord: 0.3ms)


Started GET "/" for 127.0.0.1 at 2017-12-04 17:41:09 -0200
Processing by WardsController#index as HTML
  Rendering wards/index.html.erb within layouts/application
  [1m[36mWard Load (0.4ms)[0m  [1m[34mSELECT "wards".* FROM "wards"[0m
  Rendered wards/index.html.erb within layouts/application (2.3ms)
Completed 200 OK in 34ms (Views: 31.4ms | ActiveRecord: 0.4ms)


Started GET "/" for 127.0.0.1 at 2017-12-04 17:41:38 -0200
Processing by WardsController#index as HTML
  Rendering wards/index.html.erb within layouts/application
  [1m[36mWard Load (0.3ms)[0m  [1m[34mSELECT "wards".* FROM "wards"[0m
  Rendered wards/index.html.erb within layouts/application (2.2ms)
Completed 200 OK in 65ms (Views: 62.4ms | ActiveRecord: 0.3ms)


Started GET "/" for 127.0.0.1 at 2017-12-04 17:42:02 -0200
Processing by WardsController#index as HTML
  Rendering wards/index.html.erb within layouts/application
  [1m[36mWard Load (0.3ms)[0m  [1m[34mSELECT "wards".* FROM "wards"[0m
  Rendered wards/index.html.erb within layouts/application (2.2ms)
Completed 200 OK in 56ms (Views: 53.9ms | ActiveRecord: 0.3ms)


Started GET "/" for 127.0.0.1 at 2017-12-04 17:42:53 -0200
Processing by WardsController#index as HTML
  Rendering wards/index.html.erb within layouts/application
  [1m[36mWard Load (0.3ms)[0m  [1m[34mSELECT "wards".* FROM "wards"[0m
  Rendered wards/index.html.erb within layouts/application (2.0ms)
Completed 200 OK in 58ms (Views: 55.6ms | ActiveRecord: 0.3ms)


Started GET "/" for 127.0.0.1 at 2017-12-04 17:45:39 -0200
Processing by WardsController#index as HTML
  Rendering wards/index.html.erb within layouts/application
  [1m[36mWard Load (0.3ms)[0m  [1m[34mSELECT "wards".* FROM "wards"[0m
  Rendered wards/index.html.erb within layouts/application (2.2ms)
Completed 200 OK in 82ms (Views: 78.5ms | ActiveRecord: 0.3ms)


Started GET "/" for 127.0.0.1 at 2017-12-04 17:46:03 -0200
Processing by WardsController#index as HTML
  Rendering wards/index.html.erb within layouts/application
  [1m[36mWard Load (0.3ms)[0m  [1m[34mSELECT "wards".* FROM "wards"[0m
  Rendered wards/index.html.erb within layouts/application (2.3ms)
Completed 200 OK in 75ms (Views: 71.5ms | ActiveRecord: 0.3ms)


Started GET "/" for 127.0.0.1 at 2017-12-04 17:46:59 -0200
Processing by WardsController#index as HTML
  Rendering wards/index.html.erb within layouts/application
  [1m[36mWard Load (0.5ms)[0m  [1m[34mSELECT "wards".* FROM "wards"[0m
  Rendered wards/index.html.erb within layouts/application (3.3ms)
Completed 200 OK in 59ms (Views: 56.6ms | ActiveRecord: 0.5ms)


Started GET "/" for 127.0.0.1 at 2017-12-04 17:47:30 -0200
Processing by WardsController#index as HTML
  Rendering wards/index.html.erb within layouts/application
  [1m[36mWard Load (0.3ms)[0m  [1m[34mSELECT "wards".* FROM "wards"[0m
  Rendered wards/index.html.erb within layouts/application (2.2ms)
Completed 200 OK in 61ms (Views: 58.4ms | ActiveRecord: 0.3ms)


Started GET "/" for 127.0.0.1 at 2017-12-04 17:49:23 -0200
Processing by WardsController#index as HTML
  Rendering wards/index.html.erb within layouts/application
  [1m[36mWard Load (0.3ms)[0m  [1m[34mSELECT "wards".* FROM "wards"[0m
  Rendered wards/index.html.erb within layouts/application (2.8ms)
Completed 200 OK in 58ms (Views: 55.9ms | ActiveRecord: 0.3ms)


Started GET "/" for 127.0.0.1 at 2017-12-04 17:51:28 -0200
Processing by WardsController#index as HTML
  Rendering wards/index.html.erb within layouts/application
  [1m[36mWard Load (0.3ms)[0m  [1m[34mSELECT "wards".* FROM "wards"[0m
  Rendered wards/index.html.erb within layouts/application (2.2ms)
Completed 200 OK in 66ms (Views: 63.3ms | ActiveRecord: 0.3ms)


Started GET "/" for 127.0.0.1 at 2017-12-04 17:51:52 -0200
Processing by WardsController#index as HTML
  Rendering wards/index.html.erb within layouts/application
  [1m[36mWard Load (0.3ms)[0m  [1m[34mSELECT "wards".* FROM "wards"[0m
  Rendered wards/index.html.erb within layouts/application (2.3ms)
Completed 200 OK in 23ms (Views: 20.6ms | ActiveRecord: 0.3ms)


Started GET "/" for 127.0.0.1 at 2017-12-04 17:52:04 -0200
Processing by WardsController#index as HTML
  Rendering wards/index.html.erb within layouts/application
  [1m[36mWard Load (0.3ms)[0m  [1m[34mSELECT "wards".* FROM "wards"[0m
  Rendered wards/index.html.erb within layouts/application (2.1ms)
Completed 200 OK in 22ms (Views: 20.4ms | ActiveRecord: 0.3ms)


Started GET "/" for 127.0.0.1 at 2017-12-04 17:52:48 -0200
Processing by WardsController#index as HTML
  Rendering wards/index.html.erb within layouts/application
  [1m[36mWard Load (0.3ms)[0m  [1m[34mSELECT "wards".* FROM "wards"[0m
  Rendered wards/index.html.erb within layouts/application (2.2ms)
Completed 200 OK in 70ms (Views: 67.4ms | ActiveRecord: 0.3ms)


Started GET "/" for 127.0.0.1 at 2017-12-04 17:54:02 -0200
Processing by WardsController#index as HTML
  Rendering wards/index.html.erb within layouts/application
  [1m[36mWard Load (0.3ms)[0m  [1m[34mSELECT "wards".* FROM "wards"[0m
  Rendered wards/index.html.erb within layouts/application (2.2ms)
Completed 200 OK in 64ms (Views: 61.3ms | ActiveRecord: 0.3ms)


Started GET "/" for 127.0.0.1 at 2017-12-04 17:54:19 -0200
Processing by WardsController#index as HTML
  Rendering wards/index.html.erb within layouts/application
  [1m[36mWard Load (0.3ms)[0m  [1m[34mSELECT "wards".* FROM "wards"[0m
  Rendered wards/index.html.erb within layouts/application (2.0ms)
Completed 200 OK in 65ms (Views: 61.2ms | ActiveRecord: 0.3ms)


Started GET "/" for 127.0.0.1 at 2017-12-04 17:54:33 -0200
Processing by WardsController#index as HTML
  Rendering wards/index.html.erb within layouts/application
  [1m[36mWard Load (0.3ms)[0m  [1m[34mSELECT "wards".* FROM "wards"[0m
  Rendered wards/index.html.erb within layouts/application (3.2ms)
Completed 200 OK in 70ms (Views: 68.3ms | ActiveRecord: 0.3ms)


Started GET "/" for 127.0.0.1 at 2017-12-04 17:54:44 -0200
Processing by WardsController#index as HTML
  Rendering wards/index.html.erb within layouts/application
  [1m[36mWard Load (0.4ms)[0m  [1m[34mSELECT "wards".* FROM "wards"[0m
  Rendered wards/index.html.erb within layouts/application (2.3ms)
Completed 200 OK in 64ms (Views: 61.2ms | ActiveRecord: 0.4ms)


Started GET "/" for 127.0.0.1 at 2017-12-04 17:54:50 -0200
Processing by WardsController#index as HTML
  Rendering wards/index.html.erb within layouts/application
  [1m[36mWard Load (0.3ms)[0m  [1m[34mSELECT "wards".* FROM "wards"[0m
  Rendered wards/index.html.erb within layouts/application (2.3ms)
Completed 200 OK in 66ms (Views: 62.0ms | ActiveRecord: 0.3ms)


Started GET "/" for 127.0.0.1 at 2017-12-04 17:55:13 -0200
Processing by WardsController#index as HTML
  Rendering wards/index.html.erb within layouts/application
  [1m[36mWard Load (0.3ms)[0m  [1m[34mSELECT "wards".* FROM "wards"[0m
  Rendered wards/index.html.erb within layouts/application (2.1ms)
Completed 200 OK in 61ms (Views: 58.5ms | ActiveRecord: 0.3ms)


Started GET "/" for 127.0.0.1 at 2017-12-04 17:57:27 -0200
Processing by WardsController#index as HTML
  Rendering wards/index.html.erb within layouts/application
  [1m[36mWard Load (0.3ms)[0m  [1m[34mSELECT "wards".* FROM "wards"[0m
  Rendered wards/index.html.erb within layouts/application (2.2ms)
Completed 200 OK in 65ms (Views: 61.9ms | ActiveRecord: 0.3ms)


Started GET "/" for 127.0.0.1 at 2017-12-04 17:58:10 -0200
Processing by WardsController#index as HTML
  Rendering wards/index.html.erb within layouts/application
  [1m[36mWard Load (0.3ms)[0m  [1m[34mSELECT "wards".* FROM "wards"[0m
  Rendered wards/index.html.erb within layouts/application (2.1ms)
Completed 200 OK in 29ms (Views: 26.3ms | ActiveRecord: 0.3ms)


Started GET "/" for 127.0.0.1 at 2017-12-04 18:02:45 -0200
Processing by WardsController#index as HTML
  Rendering wards/index.html.erb within layouts/application
  [1m[36mWard Load (0.3ms)[0m  [1m[34mSELECT "wards".* FROM "wards"[0m
  Rendered wards/index.html.erb within layouts/application (2.3ms)
Completed 200 OK in 31ms (Views: 28.6ms | ActiveRecord: 0.3ms)


